<?xml version="1.0" encoding="UTF-8"?>
<!-- Generated by org.testng.reporters.JUnitReportReporter -->
<testsuite hostname="DTPLREN91" failures="0" tests="1" name="TestCases.AddButtonsTesting" time="7.438" errors="0" timestamp="2024-04-17T15:42:04 IST" skipped="0">
  <testcase classname="TestCases.AddButtonsTesting" name="PCF_PackageCreationForm" time="7.438"/>
  <system-out/>
</testsuite> <!-- TestCases.AddButtonsTesting -->
