<?xml version="1.0" encoding="UTF-8"?>
<!-- Generated by org.testng.reporters.JUnitReportReporter -->
<testsuite hostname="DTPLD3" failures="0" tests="3" name="TestCases.LoginTestCases" time="75.615" errors="0" timestamp="2023-06-20T16:41:22 IST" skipped="0">
  <testcase classname="TestCases.LoginTestCases" name="loginToAppTest" time="36.315"/>
  <system-out/>
  <testcase classname="TestCases.LoginTestCases" name="PrintUser" time="13.540"/>
  <system-out/>
  <testcase classname="TestCases.LoginTestCases" name="jazzLogoTest" time="25.760"/>
  <system-out/>
</testsuite> <!-- TestCases.LoginTestCases -->
