<?xml version="1.0" encoding="UTF-8"?>
<!-- Generated by org.testng.reporters.JUnitReportReporter -->
<testsuite hostname="DTPLREN91" failures="0" tests="1" name="TestCases.PCF_DropdownsTesting" time="113.164" errors="0" timestamp="2024-07-04T10:42:56 IST" skipped="0">
  <testcase classname="TestCases.PCF_DropdownsTesting" name="PackageDashboardDDTest" time="113.164"/>
  <system-out/>
</testsuite> <!-- TestCases.PCF_DropdownsTesting -->
