<?xml version="1.0" encoding="UTF-8"?>
<!-- Generated by org.testng.reporters.JUnitReportReporter -->
<testsuite hostname="DTPLREN91" failures="0" tests="16" name="FunctionalFolwTesting.CMLaunchFlowTestcases" time="375.902" errors="0" timestamp="2024-03-26T15:03:19 IST" skipped="0">
  <testcase classname="FunctionalFolwTesting.CMLaunchFlowTestcases" name="PrintAssignedValues" time="8.929"/>
  <system-out/>
  <testcase classname="FunctionalFolwTesting.CMLaunchFlowTestcases" name="createNewCMTest" time="13.035"/>
  <system-out/>
  <testcase classname="FunctionalFolwTesting.CMLaunchFlowTestcases" name="verifyCMAttachments" time="16.332"/>
  <system-out/>
  <testcase classname="FunctionalFolwTesting.CMLaunchFlowTestcases" name="fillTheDetailsTest" time="18.639"/>
  <system-out/>
  <testcase classname="FunctionalFolwTesting.CMLaunchFlowTestcases" name="verifyCMChangesTest" time="13.903"/>
  <system-out/>
  <testcase classname="FunctionalFolwTesting.CMLaunchFlowTestcases" name="contentTeamApprovalTest" time="16.678"/>
  <system-out/>
  <testcase classname="FunctionalFolwTesting.CMLaunchFlowTestcases" name="verifyCTChnages" time="16.542"/>
  <system-out/>
  <testcase classname="FunctionalFolwTesting.CMLaunchFlowTestcases" name="SMTeamApprovalTest" time="27.145"/>
  <system-out/>
  <testcase classname="FunctionalFolwTesting.CMLaunchFlowTestcases" name="EPGTeamApprovalTest" time="25.613"/>
  <system-out/>
  <testcase classname="FunctionalFolwTesting.CMLaunchFlowTestcases" name="verifyFPMStatusTest" time="28.093"/>
  <system-out/>
  <testcase classname="FunctionalFolwTesting.CMLaunchFlowTestcases" name="getCAIDCombination" time="46.543"/>
  <system-out/>
  <testcase classname="FunctionalFolwTesting.CMLaunchFlowTestcases" name="CMChangesTest" time="43.930"/>
  <system-out/>
  <testcase classname="FunctionalFolwTesting.CMLaunchFlowTestcases" name="BrdFPMChangesTest" time="14.486"/>
  <system-out/>
  <testcase classname="FunctionalFolwTesting.CMLaunchFlowTestcases" name="TPPackChangesTest" time="48.657"/>
  <system-out/>
  <testcase classname="FunctionalFolwTesting.CMLaunchFlowTestcases" name="ALCFPMChangesTest" time="18.376"/>
  <system-out/>
  <testcase classname="FunctionalFolwTesting.CMLaunchFlowTestcases" name="ALCBPMChangesTest" time="19.001"/>
  <system-out/>
</testsuite> <!-- FunctionalFolwTesting.CMLaunchFlowTestcases -->
