<?xml version="1.0" encoding="UTF-8"?>
<!-- Generated by org.testng.reporters.JUnitReportReporter -->
<testsuite hostname="DTPLD3" failures="0" tests="3" name="TestCases.LoginTestCases" time="45.110" errors="0" timestamp="2023-08-23T14:58:06 IST" skipped="0">
  <testcase classname="TestCases.LoginTestCases" name="test" time="12.038"/>
  <testcase classname="TestCases.LoginTestCases" name="test2" time="11.482"/>
  <testcase classname="TestCases.LoginTestCases" name="test3" time="21.590"/>
</testsuite> <!-- TestCases.LoginTestCases -->
