<?xml version="1.0" encoding="UTF-8"?>
<!-- Generated by org.testng.reporters.JUnitReportReporter -->
<testsuite hostname="DTPLD3" failures="0" tests="3" name="TestCases.LoginTestCases" time="37.668" errors="0" timestamp="2023-06-19T12:52:10 IST" skipped="0">
  <testcase classname="TestCases.LoginTestCases" name="PrintUser" time="12.760"/>
  <system-out/>
  <testcase classname="TestCases.LoginTestCases" name="jazzLogoTest" time="5.889"/>
  <system-out/>
  <testcase classname="TestCases.LoginTestCases" name="loginToAppTest" time="19.019"/>
  <system-out/>
</testsuite> <!-- TestCases.LoginTestCases -->
