<?xml version="1.0" encoding="UTF-8"?>
<!-- Generated by org.testng.reporters.JUnitReportReporter -->
<testsuite hostname="DTPLREN91" failures="0" tests="4" name="FunctionalFolwTesting.LoginExcel" time="28.279" errors="0" timestamp="2024-01-09T13:36:23 IST" skipped="0">
  <testcase classname="FunctionalFolwTesting.LoginExcel" name="ReadExceclTest" time="5.799"/>
  <system-out/>
  <testcase classname="FunctionalFolwTesting.LoginExcel" name="ReadExceclTest" time="5.934"/>
  <system-out/>
  <testcase classname="FunctionalFolwTesting.LoginExcel" name="ReadExceclTest" time="5.865"/>
  <system-out/>
  <testcase classname="FunctionalFolwTesting.LoginExcel" name="ReadExceclTest" time="10.681"/>
  <system-out/>
</testsuite> <!-- FunctionalFolwTesting.LoginExcel -->
