<?xml version="1.0" encoding="UTF-8"?>
<!-- Generated by org.testng.reporters.JUnitReportReporter -->
<testsuite hostname="DTPLREN91" failures="0" tests="1" name="TestCases.CMAtributsValidationTest" time="12.667" errors="0" timestamp="2024-01-16T17:15:52 IST" skipped="0">
  <testcase classname="TestCases.CMAtributsValidationTest" name="sectionListNameTest" time="12.667"/>
  <system-out/>
</testsuite> <!-- TestCases.CMAtributsValidationTest -->
