<?xml version="1.0" encoding="UTF-8"?>
<!-- Generated by org.testng.reporters.JUnitReportReporter -->
<testsuite hostname="DTPLREN91" failures="0" tests="1" name="TestCases.CCF_AttributesValidationTesting" time="27.917" errors="0" timestamp="2024-07-02T14:55:11 IST" skipped="0">
  <testcase classname="TestCases.CCF_AttributesValidationTesting" name="chargeProductSectionsTest" time="27.917"/>
  <system-out/>
</testsuite> <!-- TestCases.CCF_AttributesValidationTesting -->
