<?xml version="1.0" encoding="UTF-8"?>
<!-- Generated by org.testng.reporters.JUnitReportReporter -->
<testsuite hostname="DTPLREN91" failures="0" tests="1" name="TestCases.CCFAttributeValidationTest" time="15.960" errors="0" timestamp="2024-01-18T17:36:29 IST" skipped="0">
  <testcase classname="TestCases.CCFAttributeValidationTest" name="ITReviewAttributesTest" time="15.960"/>
  <system-out/>
</testsuite> <!-- TestCases.CCFAttributeValidationTest -->
