<?xml version="1.0" encoding="UTF-8"?>
<!-- Generated by org.testng.reporters.JUnitReportReporter -->
<testsuite hostname="DTPLD3" failures="0" tests="7" name="TestCases.PCF_GUI_TestCases" time="48.438" errors="0" timestamp="2023-07-04T17:51:28 IST" skipped="6">
  <testcase classname="TestCases.PCF_GUI_TestCases" name="verifyOnlyethelabelWithValueTest" time="48.438"/>
  <system-out/>
  <testcase classname="TestCases.PCF_GUI_TestCases" name="verifyOnlyValueHolderTest">
    <skipped/>
  </testcase> <!-- verifyOnlyValueHolderTest -->
  <system-out/>
  <testcase classname="TestCases.PCF_GUI_TestCases" name="verifylabelAndValueTest">
    <skipped/>
  </testcase> <!-- verifylabelAndValueTest -->
  <system-out/>
  <testcase classname="TestCases.PCF_GUI_TestCases" name="getAllTabListTest">
    <skipped/>
  </testcase> <!-- getAllTabListTest -->
  <system-out/>
  <testcase classname="TestCases.PCF_GUI_TestCases" name="LabelColumnTest">
    <skipped/>
  </testcase> <!-- LabelColumnTest -->
  <system-out/>
  <testcase classname="TestCases.PCF_GUI_TestCases" name="getAttributesAndValuesTest">
    <skipped/>
  </testcase> <!-- getAttributesAndValuesTest -->
  <system-out/>
  <testcase classname="TestCases.PCF_GUI_TestCases" name="SectionTopPaddingTest">
    <skipped/>
  </testcase> <!-- SectionTopPaddingTest -->
  <system-out/>
</testsuite> <!-- TestCases.PCF_GUI_TestCases -->
