<?xml version="1.0" encoding="UTF-8"?>
<!-- Generated by org.testng.reporters.JUnitReportReporter -->
<testsuite hostname="DTPLREN91" failures="0" tests="1" name="TestCases.CM_GUITesting" time="51.112" errors="0" timestamp="2024-07-04T19:25:48 IST" skipped="0">
  <testcase classname="TestCases.CM_GUITesting" name="SMSectionValidationTest" time="51.112"/>
  <system-out/>
</testsuite> <!-- TestCases.CM_GUITesting -->
