<?xml version="1.0" encoding="UTF-8"?>
<!-- Generated by org.testng.reporters.JUnitReportReporter -->
<testsuite hostname="DTPLD3" failures="0" tests="1" name="TestCases.LoginTestCases" time="22.055" errors="0" timestamp="2023-07-18T11:21:36 IST" skipped="0">
  <testcase classname="TestCases.LoginTestCases" name="test" time="22.055"/>
  <system-out/>
</testsuite> <!-- TestCases.LoginTestCases -->
