<?xml version="1.0" encoding="UTF-8"?>
<!-- Generated by org.testng.reporters.JUnitReportReporter -->
<testsuite hostname="DTPLREN91" failures="0" tests="25" name="TestCases.CCF_DropdownsTesting" time="231.867" errors="0" timestamp="2024-07-03T18:57:29 IST" skipped="0">
  <testcase classname="TestCases.CCF_DropdownsTesting" name="OrderableFlagDDTest" time="8.004"/>
  <system-out/>
  <testcase classname="TestCases.CCF_DropdownsTesting" name="AdditionalBusinessRulesDDListTest" time="14.129"/>
  <system-out/>
  <testcase classname="TestCases.CCF_DropdownsTesting" name="ITReviewDDListDDListTest" time="8.371"/>
  <system-out/>
  <testcase classname="TestCases.CCF_DropdownsTesting" name="WorkOrderApplicationDDListTest" time="11.595"/>
  <system-out/>
  <testcase classname="TestCases.CCF_DropdownsTesting" name="ApprovalDDListTest" time="12.303"/>
  <system-out/>
  <testcase classname="TestCases.CCF_DropdownsTesting" name="MaterialCategoryDD" time="7.697"/>
  <system-out/>
  <testcase classname="TestCases.CCF_DropdownsTesting" name="chargeCreationFormDropdownList" time="7.051"/>
  <system-out/>
  <testcase classname="TestCases.CCF_DropdownsTesting" name="MarketingReviewDDTest" time="8.066"/>
  <system-out/>
  <testcase classname="TestCases.CCF_DropdownsTesting" name="SalesReviewDDTest" time="8.642"/>
  <system-out/>
  <testcase classname="TestCases.CCF_DropdownsTesting" name="InventoryFlagDDTest" time="8.051"/>
  <system-out/>
  <testcase classname="TestCases.CCF_DropdownsTesting" name="FinanceReviewDDTest" time="8.037"/>
  <system-out/>
  <testcase classname="TestCases.CCF_DropdownsTesting" name="FoundInDDTest" time="8.167"/>
  <system-out/>
  <testcase classname="TestCases.CCF_DropdownsTesting" name="RAReviewDDTest" time="7.679"/>
  <system-out/>
  <testcase classname="TestCases.CCF_DropdownsTesting" name="FunctionDepartmentDDTest" time="8.601"/>
  <system-out/>
  <testcase classname="TestCases.CCF_DropdownsTesting" name="LinksTabDDListTest" time="12.100"/>
  <system-out/>
  <testcase classname="TestCases.CCF_DropdownsTesting" name="MaterialToMaterialTest" time="8.301"/>
  <system-out/>
  <testcase classname="TestCases.CCF_DropdownsTesting" name="TechReviewDD" time="7.992"/>
  <system-out/>
  <testcase classname="TestCases.CCF_DropdownsTesting" name="PlannedForDDTest" time="9.015"/>
  <system-out/>
  <testcase classname="TestCases.CCF_DropdownsTesting" name="CustomerReviewDDTest" time="8.917"/>
  <system-out/>
  <testcase classname="TestCases.CCF_DropdownsTesting" name="FieldServicesReviewDDTest" time="7.942"/>
  <system-out/>
  <testcase classname="TestCases.CCF_DropdownsTesting" name="ITReviewDD" time="8.054"/>
  <system-out/>
  <testcase classname="TestCases.CCF_DropdownsTesting" name="ChangeHistoryTabDDListTest" time="13.932"/>
  <system-out/>
  <testcase classname="TestCases.CCF_DropdownsTesting" name="BusinessReviewTabDDListTest" time="8.589"/>
  <system-out/>
  <testcase classname="TestCases.CCF_DropdownsTesting" name="ReleaseDependencyDDTest" time="8.701"/>
  <system-out/>
  <testcase classname="TestCases.CCF_DropdownsTesting" name="UATTabDDListTest" time="11.931"/>
  <system-out/>
</testsuite> <!-- TestCases.CCF_DropdownsTesting -->
