<?xml version="1.0" encoding="UTF-8"?>
<!-- Generated by org.testng.reporters.JUnitReportReporter -->
<testsuite hostname="DTPLREN91" failures="0" tests="1" name="TestCases.BPMAtributesValidationTesting" time="10.955" errors="0" timestamp="2024-01-17T13:06:34 IST" skipped="0">
  <testcase classname="TestCases.BPMAtributesValidationTesting" name="frontendPackSectionsTest" time="10.955"/>
  <system-out/>
</testsuite> <!-- TestCases.BPMAtributesValidationTesting -->
