<?xml version="1.0" encoding="UTF-8"?>
<!-- Generated by org.testng.reporters.JUnitReportReporter -->
<testsuite hostname="DTPLREN91" failures="0" tests="1" name="TestCases.CCF_DropdownsValidation_Testing" time="10.558" errors="0" timestamp="2024-01-23T16:06:20 IST" skipped="0">
  <testcase classname="TestCases.CCF_DropdownsValidation_Testing" name="ITReviewDD" time="10.558"/>
  <system-out/>
</testsuite> <!-- TestCases.CCF_DropdownsValidation_Testing -->
