<?xml version="1.0" encoding="UTF-8"?>
<!-- Generated by org.testng.reporters.JUnitReportReporter -->
<testsuite hostname="DTPLD3" failures="0" tests="1" name="TestCases.All_CM_DropdownsValidationTest" time="16.462" errors="0" timestamp="2023-08-16T10:21:42 IST" skipped="0">
  <testcase classname="TestCases.All_CM_DropdownsValidationTest" name="PackagingGenreDDTest" time="16.462"/>
  <system-out/>
</testsuite> <!-- TestCases.All_CM_DropdownsValidationTest -->
