<?xml version="1.0" encoding="UTF-8"?>
<!-- Generated by org.testng.reporters.JUnitReportReporter -->
<testsuite hostname="DTPLREN91" failures="0" tests="1" name="TestCases.PCFAttributesValidationTesting" time="16.397" errors="0" timestamp="2024-01-16T16:26:42 IST" skipped="0">
  <testcase classname="TestCases.PCFAttributesValidationTesting" name="eligibilitySectionsTest" time="16.397"/>
  <system-out/>
</testsuite> <!-- TestCases.PCFAttributesValidationTesting -->
