<?xml version="1.0" encoding="UTF-8"?>
<!-- Generated by org.testng.reporters.JUnitReportReporter -->
<testsuite hostname="DTPLD3" failures="0" tests="1" name="TestCases.FPMSanityTestCases" time="16.494" errors="0" timestamp="2023-07-18T12:27:11 IST" skipped="0">
  <testcase classname="TestCases.FPMSanityTestCases" name="getTitleTest" time="16.494"/>
  <system-out/>
</testsuite> <!-- TestCases.FPMSanityTestCases -->
