<?xml version="1.0" encoding="UTF-8"?>
<!-- Generated by org.testng.reporters.JUnitReportReporter -->
<testsuite hostname="DTPLREN91" failures="0" tests="1" name="TestCases.CM_AttributesValidationTesting" time="11.023" errors="0" timestamp="2024-07-02T15:12:16 IST" skipped="0">
  <testcase classname="TestCases.CM_AttributesValidationTesting" name="ContentTeamAtributesTest" time="11.023"/>
  <system-out/>
</testsuite> <!-- TestCases.CM_AttributesValidationTesting -->
