<?xml version="1.0" encoding="UTF-8"?>
<!-- Generated by org.testng.reporters.JUnitReportReporter -->
<testsuite hostname="DTPLD3" failures="0" tests="1" name="TestCases.LoginTestCases" time="12.702" errors="0" timestamp="2023-06-30T14:20:42 IST" skipped="0">
  <testcase classname="TestCases.LoginTestCases" name="test" time="12.702"/>
  <system-out/>
</testsuite> <!-- TestCases.LoginTestCases -->
