<?xml version="1.0" encoding="UTF-8"?>
<!-- Generated by org.testng.reporters.JUnitReportReporter -->
<testsuite hostname="DTPLREN91" failures="0" tests="1" name="TestCases.BPM_AttributesValidationTesting" time="10.703" errors="0" timestamp="2024-07-02T14:42:13 IST" skipped="0">
  <testcase classname="TestCases.BPM_AttributesValidationTesting" name="BackendPackSectionsTest" time="10.703"/>
  <system-out/>
</testsuite> <!-- TestCases.BPM_AttributesValidationTesting -->
