<?xml version="1.0" encoding="UTF-8"?>
<!-- Generated by org.testng.reporters.JUnitReportReporter -->
<testsuite hostname="DTPLREN91" failures="0" tests="1" name="TestCases.FPM_GUITesting" time="21.902" errors="0" timestamp="2024-07-08T12:06:36 IST" skipped="0">
  <testcase classname="TestCases.FPM_GUITesting" name="E_DropChannelValidation" time="21.902"/>
  <system-out/>
</testsuite> <!-- TestCases.FPM_GUITesting -->
