<?xml version="1.0" encoding="UTF-8"?>
<!-- Generated by org.testng.reporters.JUnitReportReporter -->
<testsuite hostname="DTPLD3" failures="0" tests="11" name="TestCases.CM_UI_Testing" time="20.637" errors="1" timestamp="2023-08-01T17:53:49 IST" skipped="10">
  <testcase classname="TestCases.CM_UI_Testing" name="allCMContentTeamAtributesTest" time="20.637">
    <error type="java.lang.Exception">
      <![CDATA[java.lang.Exception
at Pages.CM_UI_Page2.allCMContentTeamAtributes(CM_UI_Page2.java:85)
at TestCases.CM_UI_Testing.allCMContentTeamAtributesTest(CM_UI_Testing.java:30)
at java.base/jdk.internal.reflect.NativeMethodAccessorImpl.invoke0(Native Method)
at java.base/jdk.internal.reflect.NativeMethodAccessorImpl.invoke(NativeMethodAccessorImpl.java:77)
at java.base/jdk.internal.reflect.DelegatingMethodAccessorImpl.invoke(DelegatingMethodAccessorImpl.java:43)
at java.base/java.lang.reflect.Method.invoke(Method.java:568)
at org.testng.internal.invokers.MethodInvocationHelper.invokeMethod(MethodInvocationHelper.java:139)
at org.testng.internal.invokers.TestInvoker.invokeMethod(TestInvoker.java:677)
at org.testng.internal.invokers.TestInvoker.invokeTestMethod(TestInvoker.java:221)
at org.testng.internal.invokers.MethodRunner.runInSequence(MethodRunner.java:50)
at org.testng.internal.invokers.TestInvoker$MethodInvocationAgent.invoke(TestInvoker.java:969)
at org.testng.internal.invokers.TestInvoker.invokeTestMethods(TestInvoker.java:194)
at org.testng.internal.invokers.TestMethodWorker.invokeTestMethods(TestMethodWorker.java:148)
at org.testng.internal.invokers.TestMethodWorker.run(TestMethodWorker.java:128)
at java.base/java.util.ArrayList.forEach(ArrayList.java:1511)
at org.testng.TestRunner.privateRun(TestRunner.java:829)
at org.testng.TestRunner.run(TestRunner.java:602)
at org.testng.SuiteRunner.runTest(SuiteRunner.java:437)
at org.testng.SuiteRunner.runSequentially(SuiteRunner.java:431)
at org.testng.SuiteRunner.privateRun(SuiteRunner.java:391)
at org.testng.SuiteRunner.run(SuiteRunner.java:330)
at org.testng.SuiteRunnerWorker.runSuite(SuiteRunnerWorker.java:52)
at org.testng.SuiteRunnerWorker.run(SuiteRunnerWorker.java:95)
at org.testng.TestNG.runSuitesSequentially(TestNG.java:1256)
at org.testng.TestNG.runSuitesLocally(TestNG.java:1176)
at org.testng.TestNG.runSuites(TestNG.java:1099)
at org.testng.TestNG.run(TestNG.java:1067)
at org.testng.remote.AbstractRemoteTestNG.run(AbstractRemoteTestNG.java:115)
at org.testng.remote.RemoteTestNG.initAndRun(RemoteTestNG.java:251)
at org.testng.remote.RemoteTestNG.main(RemoteTestNG.java:77)
]]>
    </error>
  </testcase> <!-- allCMContentTeamAtributesTest -->
  <system-out/>
  <testcase classname="TestCases.CM_UI_Testing" name="allDistributionContactDetailsAtributes">
    <skipped/>
  </testcase> <!-- allDistributionContactDetailsAtributes -->
  <system-out/>
  <testcase classname="TestCases.CM_UI_Testing" name="TestArtifactsAtributesTest">
    <skipped/>
  </testcase> <!-- TestArtifactsAtributesTest -->
  <system-out/>
  <testcase classname="TestCases.CM_UI_Testing" name="getAllAtributsTest">
    <skipped/>
  </testcase> <!-- getAllAtributsTest -->
  <system-out/>
  <testcase classname="TestCases.CM_UI_Testing" name="allCMTechnologyTeamTest">
    <skipped/>
  </testcase> <!-- allCMTechnologyTeamTest -->
  <system-out/>
  <testcase classname="TestCases.CM_UI_Testing" name="allAudioDetailsAtributesTest">
    <skipped/>
  </testcase> <!-- allAudioDetailsAtributesTest -->
  <system-out/>
  <testcase classname="TestCases.CM_UI_Testing" name="allContentTechnologyAtributesTest">
    <skipped/>
  </testcase> <!-- allContentTechnologyAtributesTest -->
  <system-out/>
  <testcase classname="TestCases.CM_UI_Testing" name="allCMEPGTeamAtributsTest">
    <skipped/>
  </testcase> <!-- allCMEPGTeamAtributsTest -->
  <system-out/>
  <testcase classname="TestCases.CM_UI_Testing" name="allVideoDetailsAtributesTest">
    <skipped/>
  </testcase> <!-- allVideoDetailsAtributesTest -->
  <system-out/>
  <testcase classname="TestCases.CM_UI_Testing" name="allCMSubscriberMarketingTeamAtributsTest">
    <skipped/>
  </testcase> <!-- allCMSubscriberMarketingTeamAtributsTest -->
  <system-out/>
  <testcase classname="TestCases.CM_UI_Testing" name="SatelliteDetailsAtributesTest">
    <skipped/>
  </testcase> <!-- SatelliteDetailsAtributesTest -->
  <system-out/>
</testsuite> <!-- TestCases.CM_UI_Testing -->
