<?xml version="1.0" encoding="UTF-8"?>
<!-- Generated by org.testng.reporters.JUnitReportReporter -->
<testsuite hostname="DTPLD3" failures="0" tests="1" name="TestCases.PCF_DropdownsTest" time="41.213" errors="0" timestamp="2023-08-21T12:49:31 IST" skipped="0">
  <testcase classname="TestCases.PCF_DropdownsTest" name="GetIDTest" time="41.213"/>
</testsuite> <!-- TestCases.PCF_DropdownsTest -->
