<?xml version="1.0" encoding="UTF-8"?>
<!-- Generated by org.testng.reporters.JUnitReportReporter -->
<testsuite hostname="DTPLD3" failures="0" tests="1" name="TestCases.FPMGUI_Testing" time="16.864" errors="0" timestamp="2023-08-14T17:08:02 IST" skipped="0">
  <testcase classname="TestCases.FPMGUI_Testing" name="TypeOfPackDDTest" time="16.864"/>
  <system-out/>
</testsuite> <!-- TestCases.FPMGUI_Testing -->
