<?xml version="1.0" encoding="UTF-8"?>
<!-- Generated by org.testng.reporters.JUnitReportReporter -->
<testsuite hostname="DTPLREN91" failures="0" tests="1" name="TestCases.BPM_GUIPageTesting" time="20.294" errors="0" timestamp="2024-07-04T15:00:31 IST" skipped="0">
  <testcase classname="TestCases.BPM_GUIPageTesting" name="ChannelsAddDropTest" time="20.294"/>
  <system-out/>
</testsuite> <!-- TestCases.BPM_GUIPageTesting -->
