<?xml version="1.0" encoding="UTF-8"?>
<!-- Generated by org.testng.reporters.JUnitReportReporter -->
<testsuite hostname="DTPLREN91" failures="0" tests="1" name="TestCases.CCF_GUITesting" time="20.866" errors="0" timestamp="2024-07-09T12:01:39 IST" skipped="0">
  <testcase classname="TestCases.CCF_GUITesting" name="ITReviewSectionTest" time="20.866"/>
  <system-out/>
</testsuite> <!-- TestCases.CCF_GUITesting -->
