<?xml version="1.0" encoding="UTF-8"?>
<!-- Generated by org.testng.reporters.JUnitReportReporter -->
<testsuite hostname="DTPLREN91" failures="0" tests="8" name="TestCases.BPM_DropdownsTesting" time="74.683" errors="0" timestamp="2024-07-03T16:18:06 IST" skipped="0">
  <testcase classname="TestCases.BPM_DropdownsTesting" name="FrontendPackDropdownListTest" time="11.048"/>
  <system-out/>
  <testcase classname="TestCases.BPM_DropdownsTesting" name="PackGenreDDTest" time="6.960"/>
  <system-out/>
  <testcase classname="TestCases.BPM_DropdownsTesting" name="PackStatusDDTest" time="11.451"/>
  <system-out/>
  <testcase classname="TestCases.BPM_DropdownsTesting" name="ChannelDetailsDropdownList" time="11.499"/>
  <system-out/>
  <testcase classname="TestCases.BPM_DropdownsTesting" name="AllowExpiredPackDDListTest" time="7.932"/>
  <system-out/>
  <testcase classname="TestCases.BPM_DropdownsTesting" name="ChangeHistoryDDListTest" time="10.998"/>
  <system-out/>
  <testcase classname="TestCases.BPM_DropdownsTesting" name="TypeofPackDDTest" time="7.009"/>
  <system-out/>
  <testcase classname="TestCases.BPM_DropdownsTesting" name="BackendMasterDropdownList" time="7.786"/>
  <system-out/>
</testsuite> <!-- TestCases.BPM_DropdownsTesting -->
