<?xml version="1.0" encoding="UTF-8"?>
<!-- Generated by org.testng.reporters.JUnitReportReporter -->
<testsuite hostname="DTPLD3" failures="0" tests="19" name="TestCases.PCFAttributesValidationTesting" time="389.600" errors="0" timestamp="2023-08-11T10:57:04 IST" skipped="0">
  <testcase classname="TestCases.PCFAttributesValidationTesting" name="allSiebelCompatibilityRestrictionsSectionTest" time="17.664"/>
  <system-out/>
  <testcase classname="TestCases.PCFAttributesValidationTesting" name="allBingeCCFSectionTest" time="24.587"/>
  <system-out/>
  <testcase classname="TestCases.PCFAttributesValidationTesting" name="allChargingApplicableforNRCPacksTest" time="18.484"/>
  <system-out/>
  <testcase classname="TestCases.PCFAttributesValidationTesting" name="allCARelatedConfigurationsSectionTest" time="21.655"/>
  <system-out/>
  <testcase classname="TestCases.PCFAttributesValidationTesting" name="allMissedCalltoSPMCampaignConfigurationTest" time="19.391"/>
  <system-out/>
  <testcase classname="TestCases.PCFAttributesValidationTesting" name="PRMSalesConfigurationsSectionTest" time="21.371"/>
  <system-out/>
  <testcase classname="TestCases.PCFAttributesValidationTesting" name="allSelfCareConfigurationsSectionTest" time="18.447"/>
  <system-out/>
  <testcase classname="TestCases.PCFAttributesValidationTesting" name="PCFRequesterDetailsAtributesTest" time="23.560"/>
  <system-out/>
  <testcase classname="TestCases.PCFAttributesValidationTesting" name="AllChargingAdditionalDetailsSectionTest" time="21.920"/>
  <system-out/>
  <testcase classname="TestCases.PCFAttributesValidationTesting" name="allPackageDetailsSectionAtributesTest" time="20.001"/>
  <system-out/>
  <testcase classname="TestCases.PCFAttributesValidationTesting" name="AllChargingSectionAtributsTest" time="23.641"/>
  <system-out/>
  <testcase classname="TestCases.PCFAttributesValidationTesting" name="allMissedCallConfigurationsSectionTest" time="20.257"/>
  <system-out/>
  <testcase classname="TestCases.PCFAttributesValidationTesting" name="allSMSConfigurationsSection" time="18.443"/>
  <system-out/>
  <testcase classname="TestCases.PCFAttributesValidationTesting" name="allNuanceConfigurationsSectionTest" time="17.121"/>
  <system-out/>
  <testcase classname="TestCases.PCFAttributesValidationTesting" name="allCompatiblePackstobeexpiredTest" time="20.143"/>
  <system-out/>
  <testcase classname="TestCases.PCFAttributesValidationTesting" name="allAdditionalBusinessRulesTest" time="20.981"/>
  <system-out/>
  <testcase classname="TestCases.PCFAttributesValidationTesting" name="allBIRelatedConfigurationsSectionTest" time="18.753"/>
  <system-out/>
  <testcase classname="TestCases.PCFAttributesValidationTesting" name="allChargingApplicableforRCPacksTest" time="23.024"/>
  <system-out/>
  <testcase classname="TestCases.PCFAttributesValidationTesting" name="allMsalesSectionAtributesTest" time="20.157"/>
  <system-out/>
</testsuite> <!-- TestCases.PCFAttributesValidationTesting -->
