<?xml version="1.0" encoding="UTF-8"?>
<!-- Generated by org.testng.reporters.JUnitReportReporter -->
<testsuite hostname="DTPLD3" failures="0" tests="1" name="TestCases.CMAtributsValidationTest" time="17.364" errors="0" timestamp="2023-08-21T13:45:30 IST" skipped="0">
  <testcase classname="TestCases.CMAtributsValidationTest" name="SectionsApprovalTest" time="17.364"/>
</testsuite> <!-- TestCases.CMAtributsValidationTest -->
