<?xml version="1.0" encoding="UTF-8"?>
<!-- Generated by org.testng.reporters.JUnitReportReporter -->
<testsuite hostname="DTPLREN91" failures="0" tests="1" name="TestCases.FPMAtributsValidationTest" time="12.154" errors="0" timestamp="2024-01-17T17:26:59 IST" skipped="0">
  <testcase classname="TestCases.FPMAtributsValidationTest" name="channelDetailsSectionsTest" time="12.154"/>
  <system-out/>
</testsuite> <!-- TestCases.FPMAtributsValidationTest -->
