<?xml version="1.0" encoding="UTF-8"?>
<!-- Generated by org.testng.reporters.JUnitReportReporter -->
<testsuite hostname="DTPLREN91" failures="0" tests="1" name="TestCases.CM_DropdownsTesting" time="9.427" errors="0" timestamp="2024-07-03T16:53:40 IST" skipped="0">
  <testcase classname="TestCases.CM_DropdownsTesting" name="ChannelMasterDropdownList" time="9.427"/>
  <system-out/>
</testsuite> <!-- TestCases.CM_DropdownsTesting -->
