<?xml version="1.0" encoding="UTF-8"?>
<!-- Generated by org.testng.reporters.JUnitReportReporter -->
<testsuite hostname="DTPLREN91" failures="0" tests="5" name="TestCases.LoginTestCases" time="5.246" errors="0" timestamp="2024-06-28T16:59:13 IST" skipped="4">
  <testcase classname="TestCases.LoginTestCases" name="WelcomeHeadingTest" time="5.246"/>
  <system-out/>
  <testcase classname="TestCases.LoginTestCases" name="SigninButtonTest">
    <skipped/>
  </testcase> <!-- SigninButtonTest -->
  <system-out/>
  <testcase classname="TestCases.LoginTestCases" name="verifyUsernameTest">
    <skipped/>
  </testcase> <!-- verifyUsernameTest -->
  <system-out/>
  <testcase classname="TestCases.LoginTestCases" name="PasswordTest">
    <skipped/>
  </testcase> <!-- PasswordTest -->
  <system-out/>
  <testcase classname="TestCases.LoginTestCases" name="loginToAppTest">
    <skipped/>
  </testcase> <!-- loginToAppTest -->
  <system-out/>
</testsuite> <!-- TestCases.LoginTestCases -->
