<?xml version="1.0" encoding="UTF-8"?>
<!-- Generated by org.testng.reporters.JUnitReportReporter -->
<testsuite hostname="DTPLREN91" failures="0" tests="1" name="TestCases.PCF_GUITesting" time="27.553" errors="0" timestamp="2024-07-09T11:25:26 IST" skipped="0">
  <testcase classname="TestCases.PCF_GUITesting" name="ChangeHistorySectionTest" time="27.553"/>
  <system-out/>
</testsuite> <!-- TestCases.PCF_GUITesting -->
