<?xml version="1.0" encoding="UTF-8"?>
<!-- Generated by org.testng.reporters.JUnitReportReporter -->
<testsuite hostname="DTPLREN91" failures="0" tests="1" name="TestCases.FPM_AttributesValidationTesting" time="20.532" errors="0" timestamp="2024-07-02T14:27:42 IST" skipped="0">
  <testcase classname="TestCases.FPM_AttributesValidationTesting" name="frontendPackTabAttributes" time="20.532"/>
  <system-out/>
</testsuite> <!-- TestCases.FPM_AttributesValidationTesting -->
