<?xml version="1.0" encoding="UTF-8"?>
<!-- Generated by org.testng.reporters.JUnitReportReporter -->
<testsuite hostname="DTPLD3" failures="0" tests="3" name="TestCases.LoginTestCases" time="35.817" errors="0" timestamp="2023-06-19T14:21:31 IST" skipped="0">
  <testcase classname="TestCases.LoginTestCases" name="jazzLogoTest" time="6.151"/>
  <system-out/>
  <testcase classname="TestCases.LoginTestCases" name="loginToAppTest" time="18.514"/>
  <system-out/>
  <testcase classname="TestCases.LoginTestCases" name="PrintUser" time="11.152"/>
  <system-out/>
</testsuite> <!-- TestCases.LoginTestCases -->
